2023-12-27 09:29:16:INFO:Starting Spoolman v0.14.0 (commit: 286e519) (built: 2023-12-02 11:16:35+00:00)
2023-12-27 09:29:16:INFO:Using data directory: /home/app/.local/share/spoolman
2023-12-27 09:29:16:INFO:Using logs directory: /home/app/.local/share/spoolman
2023-12-27 09:29:16:INFO:Using backups directory: /home/app/.local/share/spoolman/backups
2023-12-27 09:29:16:INFO:Setting up database...
2023-12-27 09:29:16:INFO:No database type specified, using a default SQLite database located at "/home/app/.local/share/spoolman/spoolman.db"
2023-12-27 09:29:16:INFO:Performing migrations...
2023-12-27 09:29:21:INFO:Scheduling automatic database backup for midnight.
2023-12-27 09:29:21:INFO:Startup complete.
2023-12-27 09:46:12:INFO:Client 192.168.0.10 is now listening on pool spool
2023-12-27 09:46:13:INFO:Client 192.168.0.10 has stopped listening on pool spool
2023-12-27 09:46:13:INFO:Client 192.168.0.10 is now listening on pool filament
2023-12-27 10:19:31:INFO:Client 192.168.0.10 has stopped listening on pool filament
2023-12-27 10:20:01:INFO:Starting Spoolman v0.14.0 (commit: 286e519) (built: 2023-12-02 11:16:35+00:00)
2023-12-27 10:20:01:INFO:Using data directory: /home/app/.local/share/spoolman
2023-12-27 10:20:01:INFO:Using logs directory: /home/app/.local/share/spoolman
2023-12-27 10:20:01:INFO:Using backups directory: /home/app/.local/share/spoolman/backups
2023-12-27 10:20:01:INFO:Setting up database...
2023-12-27 10:20:01:INFO:No database type specified, using a default SQLite database located at "/home/app/.local/share/spoolman/spoolman.db"
2023-12-27 10:20:01:INFO:Performing migrations...
2023-12-27 10:20:05:INFO:Scheduling automatic database backup for midnight.
2023-12-27 10:20:05:INFO:Startup complete.
